[2025-03-06 19:09:01] [ INFO ] [AliasCvuGenerator:25] archivo leido con exito!
[2025-03-06 19:09:01] [ ERROR] [AliasCvuGenerator:51] src\main\resources\alias.txt (El sistema no puede encontrar la ruta especificada)
[2025-03-06 19:12:59] [ ERROR] [AliasCvuGenerator:50] src\main\resources\alias.txt (El sistema no puede encontrar la ruta especificada)
[2025-03-06 19:35:01] [ ERROR] [AliasCvuGenerator:53] src\main\resources\alias.txt (El sistema no puede encontrar la ruta especificada)
[2025-03-06 19:41:20] [ ERROR] [AliasCvuGenerator:54] \alias.txt (El sistema no puede encontrar el archivo especificado)
[2025-03-06 19:52:29] [ INFO ] [AliasCvuGenerator:99] Archivo leído con éxito
[2025-03-06 19:59:02] [ INFO ] [AliasCvuGenerator:99] Archivo leído con éxito
[2025-03-06 20:08:10] [ INFO ] [AliasCvuGenerator:111] alias generado =AZUL
[2025-03-06 20:08:10] [ INFO ] [AliasCvuGenerator:111] alias generado =QUEMA
[2025-03-06 20:08:10] [ INFO ] [AliasCvuGenerator:111] alias generado =EMULO
[2025-03-06 20:42:48] [ INFO ] [AliasCvuGenerator:111] alias generado =CAMPO
[2025-03-06 20:42:48] [ INFO ] [AliasCvuGenerator:111] alias generado =SELVA
[2025-03-06 20:42:48] [ INFO ] [AliasCvuGenerator:111] alias generado =YUGOS
[2025-03-06 20:58:16] [ INFO ] [AliasCvuGenerator:111] alias generado =EDITO
[2025-03-06 20:58:16] [ INFO ] [AliasCvuGenerator:111] alias generado =HASTA
[2025-03-06 20:58:16] [ INFO ] [AliasCvuGenerator:111] alias generado =NOTAS
[2025-03-07 08:31:25] [ INFO ] [AliasCvuGenerator:111] alias generado =PODER
[2025-03-07 08:31:25] [ INFO ] [AliasCvuGenerator:111] alias generado =FINCA
[2025-03-07 08:31:25] [ INFO ] [AliasCvuGenerator:111] alias generado =ISLAS
[2025-03-07 08:40:31] [ INFO ] [AliasCvuGenerator:111] alias generado =GORRO
[2025-03-07 08:40:31] [ INFO ] [AliasCvuGenerator:111] alias generado =VALOR
[2025-03-07 08:40:31] [ INFO ] [AliasCvuGenerator:111] alias generado =RENTA
[2025-03-07 09:04:13] [ INFO ] [AliasCvuGenerator:111] alias generado =HASTA
[2025-03-07 09:04:13] [ INFO ] [AliasCvuGenerator:111] alias generado =OBRAS
[2025-03-07 09:04:13] [ INFO ] [AliasCvuGenerator:111] alias generado =FERIA
[2025-03-07 09:59:57] [ INFO ] [AliasCvuGenerator:111] alias generado =SERIO
[2025-03-07 09:59:57] [ INFO ] [AliasCvuGenerator:111] alias generado =VINOS
[2025-03-07 09:59:57] [ INFO ] [AliasCvuGenerator:111] alias generado =OBRAS
[2025-03-07 10:30:58] [ INFO ] [AliasCvuGenerator:111] alias generado =HASTA
[2025-03-07 10:30:58] [ INFO ] [AliasCvuGenerator:111] alias generado =TACOS
[2025-03-07 10:30:58] [ INFO ] [AliasCvuGenerator:111] alias generado =SABIO
[2025-03-07 11:26:29] [ INFO ] [AliasCvuGenerator:111] alias generado =DADOS
[2025-03-07 11:26:29] [ INFO ] [AliasCvuGenerator:111] alias generado =OPERA
[2025-03-07 11:26:29] [ INFO ] [AliasCvuGenerator:111] alias generado =MELON
[2025-03-07 11:40:54] [ INFO ] [AliasCvuGenerator:111] alias generado =REDES
[2025-03-07 11:40:54] [ INFO ] [AliasCvuGenerator:111] alias generado =GASTO
[2025-03-07 11:40:54] [ INFO ] [AliasCvuGenerator:111] alias generado =ELLOS
[2025-03-07 12:11:42] [ INFO ] [AliasCvuGenerator:111] alias generado =BUENO
[2025-03-07 12:11:42] [ INFO ] [AliasCvuGenerator:111] alias generado =VOLAR
[2025-03-07 12:11:42] [ INFO ] [AliasCvuGenerator:111] alias generado =CRUDO
[2025-03-07 12:28:52] [ INFO ] [AliasCvuGenerator:111] alias generado =NOTAS
[2025-03-07 12:28:52] [ INFO ] [AliasCvuGenerator:111] alias generado =TENIS
[2025-03-07 12:28:52] [ INFO ] [AliasCvuGenerator:111] alias generado =CARRO
[2025-03-07 12:34:47] [ INFO ] [AliasCvuGenerator:111] alias generado =DAGAS
[2025-03-07 12:34:47] [ INFO ] [AliasCvuGenerator:111] alias generado =GORDO
[2025-03-07 12:34:47] [ INFO ] [AliasCvuGenerator:111] alias generado =BUSCA
[2025-03-07 12:55:03] [ INFO ] [AliasCvuGenerator:111] alias generado =PODER
[2025-03-07 12:55:03] [ INFO ] [AliasCvuGenerator:111] alias generado =HIELO
[2025-03-07 12:55:03] [ INFO ] [AliasCvuGenerator:111] alias generado =NACER
[2025-03-07 16:12:05] [ INFO ] [AliasCvuGenerator:111] alias generado =HASTA
[2025-03-07 16:12:05] [ INFO ] [AliasCvuGenerator:111] alias generado =JULIO
[2025-03-07 16:12:05] [ INFO ] [AliasCvuGenerator:111] alias generado =PODER
[2025-03-07 16:25:46] [ INFO ] [AliasCvuGenerator:111] alias generado =CRUDO
[2025-03-07 16:25:46] [ INFO ] [AliasCvuGenerator:111] alias generado =ZURDO
[2025-03-07 16:25:46] [ INFO ] [AliasCvuGenerator:111] alias generado =PALAS
[2025-03-07 16:33:19] [ INFO ] [AliasCvuGenerator:111] alias generado =MELON
[2025-03-07 16:33:19] [ INFO ] [AliasCvuGenerator:111] alias generado =VOLAR
[2025-03-07 16:33:19] [ INFO ] [AliasCvuGenerator:111] alias generado =BUSCA
[2025-03-07 16:48:48] [ INFO ] [AliasCvuGenerator:111] alias generado =YUGOS
[2025-03-07 16:48:48] [ INFO ] [AliasCvuGenerator:111] alias generado =FERIA
[2025-03-07 16:48:48] [ INFO ] [AliasCvuGenerator:111] alias generado =SELVA
[2025-03-07 16:49:37] [ INFO ] [AliasCvuGenerator:111] alias generado =OPERA
[2025-03-07 16:49:37] [ INFO ] [AliasCvuGenerator:111] alias generado =CRUDO
[2025-03-07 16:49:37] [ INFO ] [AliasCvuGenerator:111] alias generado =IDEAS
[2025-03-08 11:32:05] [ INFO ] [AliasCvuGenerator:111] alias generado =EDITO
[2025-03-08 11:32:05] [ INFO ] [AliasCvuGenerator:111] alias generado =FALLO
[2025-03-08 11:32:05] [ INFO ] [AliasCvuGenerator:111] alias generado =VALOR
[2025-03-08 11:37:34] [ INFO ] [AliasCvuGenerator:111] alias generado =ALTAR
[2025-03-08 11:37:34] [ INFO ] [AliasCvuGenerator:111] alias generado =QUITO
[2025-03-08 11:37:34] [ INFO ] [AliasCvuGenerator:111] alias generado =BICHO
[2025-03-08 11:48:23] [ INFO ] [AliasCvuGenerator:111] alias generado =HALOS
[2025-03-08 11:48:23] [ INFO ] [AliasCvuGenerator:111] alias generado =JEFAS
[2025-03-08 11:48:23] [ INFO ] [AliasCvuGenerator:111] alias generado =TACOS
[2025-03-08 11:49:28] [ INFO ] [AliasCvuGenerator:111] alias generado =ALTAR
[2025-03-08 11:49:28] [ INFO ] [AliasCvuGenerator:111] alias generado =PERRO
[2025-03-08 11:49:28] [ INFO ] [AliasCvuGenerator:111] alias generado =ERROR
[2025-03-08 16:03:06] [ INFO ] [AliasCvuGenerator:111] alias generado =VOLAR
[2025-03-08 16:03:06] [ INFO ] [AliasCvuGenerator:111] alias generado =REMAR
[2025-03-08 16:03:06] [ INFO ] [AliasCvuGenerator:111] alias generado =FALLO
[2025-03-08 16:03:10] [ INFO ] [AliasCvuGenerator:111] alias generado =ERROR
[2025-03-08 16:03:10] [ INFO ] [AliasCvuGenerator:111] alias generado =OBRAS
[2025-03-08 16:03:10] [ INFO ] [AliasCvuGenerator:111] alias generado =HASTA
[2025-03-08 16:17:22] [ INFO ] [AliasCvuGenerator:111] alias generado =CAMPO
[2025-03-08 16:17:22] [ INFO ] [AliasCvuGenerator:111] alias generado =CLAVO
[2025-03-08 16:17:22] [ INFO ] [AliasCvuGenerator:111] alias generado =OBRAS
[2025-03-08 16:17:29] [ INFO ] [AliasCvuGenerator:111] alias generado =MARCA
[2025-03-08 16:17:29] [ INFO ] [AliasCvuGenerator:111] alias generado =IDEAS
[2025-03-08 16:17:29] [ INFO ] [AliasCvuGenerator:111] alias generado =HALOS
[2025-03-08 16:56:36] [ INFO ] [AliasCvuGenerator:111] alias generado =ALTAR
[2025-03-08 16:56:36] [ INFO ] [AliasCvuGenerator:111] alias generado =ZONAS
[2025-03-08 16:56:36] [ INFO ] [AliasCvuGenerator:111] alias generado =TABLA
[2025-03-08 16:56:59] [ INFO ] [AliasCvuGenerator:111] alias generado =PODER
[2025-03-08 16:56:59] [ INFO ] [AliasCvuGenerator:111] alias generado =YENDO
[2025-03-08 16:56:59] [ INFO ] [AliasCvuGenerator:111] alias generado =AVION
[2025-03-08 16:57:02] [ INFO ] [AliasCvuGenerator:111] alias generado =QUEDO
[2025-03-08 16:57:02] [ INFO ] [AliasCvuGenerator:111] alias generado =JAPON
[2025-03-08 16:57:02] [ INFO ] [AliasCvuGenerator:111] alias generado =FINCA
[2025-03-08 17:03:11] [ INFO ] [AliasCvuGenerator:111] alias generado =CAMPO
[2025-03-08 17:03:11] [ INFO ] [AliasCvuGenerator:111] alias generado =YENDO
[2025-03-08 17:03:11] [ INFO ] [AliasCvuGenerator:111] alias generado =ISLAS
[2025-03-08 17:03:16] [ INFO ] [AliasCvuGenerator:111] alias generado =EMULO
[2025-03-08 17:03:16] [ INFO ] [AliasCvuGenerator:111] alias generado =CRUDO
[2025-03-08 17:03:16] [ INFO ] [AliasCvuGenerator:111] alias generado =GASTO
[2025-03-08 17:26:22] [ INFO ] [AliasCvuGenerator:111] alias generado =BUENO
[2025-03-08 17:26:22] [ INFO ] [AliasCvuGenerator:111] alias generado =AVION
[2025-03-08 17:26:22] [ INFO ] [AliasCvuGenerator:111] alias generado =YUGOS
[2025-03-08 17:36:35] [ INFO ] [AliasCvuGenerator:111] alias generado =ISLAS
[2025-03-08 17:36:35] [ INFO ] [AliasCvuGenerator:111] alias generado =CLAVO
[2025-03-08 17:36:35] [ INFO ] [AliasCvuGenerator:111] alias generado =REDES
[2025-03-08 17:36:38] [ INFO ] [AliasCvuGenerator:111] alias generado =BALAS
[2025-03-08 17:36:38] [ INFO ] [AliasCvuGenerator:111] alias generado =MELON
[2025-03-08 17:36:38] [ INFO ] [AliasCvuGenerator:111] alias generado =HASTA
[2025-03-08 17:54:32] [ INFO ] [AliasCvuGenerator:111] alias generado =GORRO
[2025-03-08 17:54:32] [ INFO ] [AliasCvuGenerator:111] alias generado =MARCA
[2025-03-08 17:54:32] [ INFO ] [AliasCvuGenerator:111] alias generado =RELOJ
[2025-03-08 17:54:52] [ INFO ] [AliasCvuGenerator:111] alias generado =HALOS
[2025-03-08 17:54:52] [ INFO ] [AliasCvuGenerator:111] alias generado =YENDO
[2025-03-08 17:54:52] [ INFO ] [AliasCvuGenerator:111] alias generado =FINCA
[2025-03-10 07:03:00] [ INFO ] [AliasCvuGenerator:111] alias generado =VALOR
[2025-03-10 07:03:00] [ INFO ] [AliasCvuGenerator:111] alias generado =QUEMA
[2025-03-10 07:03:00] [ INFO ] [AliasCvuGenerator:111] alias generado =CAMPO
[2025-03-10 07:03:04] [ INFO ] [AliasCvuGenerator:111] alias generado =VALOR
[2025-03-10 07:03:04] [ INFO ] [AliasCvuGenerator:111] alias generado =JAPON
[2025-03-10 07:03:04] [ INFO ] [AliasCvuGenerator:111] alias generado =FALLO
[2025-03-10 07:15:54] [ INFO ] [AliasCvuGenerator:111] alias generado =ACTOR
[2025-03-10 07:15:54] [ INFO ] [AliasCvuGenerator:111] alias generado =HALOS
[2025-03-10 07:15:54] [ INFO ] [AliasCvuGenerator:111] alias generado =TENIS
[2025-03-10 07:21:01] [ INFO ] [AliasCvuGenerator:111] alias generado =ERROR
[2025-03-10 07:21:01] [ INFO ] [AliasCvuGenerator:111] alias generado =PALAS
[2025-03-10 07:21:01] [ INFO ] [AliasCvuGenerator:111] alias generado =YEMAS
[2025-03-10 07:35:01] [ INFO ] [AliasCvuGenerator:111] alias generado =VIVIR
[2025-03-10 07:35:01] [ INFO ] [AliasCvuGenerator:111] alias generado =YATES
[2025-03-10 07:35:01] [ INFO ] [AliasCvuGenerator:111] alias generado =ERROR
[2025-03-10 08:38:36] [ INFO ] [AliasCvuGenerator:111] alias generado =QUEMA
[2025-03-10 08:38:36] [ INFO ] [AliasCvuGenerator:111] alias generado =FINCA
[2025-03-10 08:38:36] [ INFO ] [AliasCvuGenerator:111] alias generado =MONTE
[2025-03-10 09:36:57] [ INFO ] [AliasCvuGenerator:111] alias generado =HALOS
[2025-03-10 09:36:57] [ INFO ] [AliasCvuGenerator:111] alias generado =TACOS
[2025-03-10 09:36:57] [ INFO ] [AliasCvuGenerator:111] alias generado =GASTO
[2025-03-10 09:37:04] [ INFO ] [AliasCvuGenerator:111] alias generado =MARCA
[2025-03-10 09:37:04] [ INFO ] [AliasCvuGenerator:111] alias generado =GASTO
[2025-03-10 09:37:04] [ INFO ] [AliasCvuGenerator:111] alias generado =JEFAS
[2025-03-10 10:08:02] [ INFO ] [AliasCvuGenerator:111] alias generado =JEFAS
[2025-03-10 10:08:02] [ INFO ] [AliasCvuGenerator:111] alias generado =VIVIR
[2025-03-10 10:08:02] [ INFO ] [AliasCvuGenerator:111] alias generado =ZONAS
[2025-03-10 10:08:06] [ INFO ] [AliasCvuGenerator:111] alias generado =VINOS
[2025-03-10 10:08:06] [ INFO ] [AliasCvuGenerator:111] alias generado =REMAR
[2025-03-10 10:08:06] [ INFO ] [AliasCvuGenerator:111] alias generado =JAPON
[2025-03-10 10:48:34] [ INFO ] [AliasCvuGenerator:111] alias generado =EMULO
[2025-03-10 10:48:34] [ INFO ] [AliasCvuGenerator:111] alias generado =GASTO
[2025-03-10 10:48:34] [ INFO ] [AliasCvuGenerator:111] alias generado =QUITO
[2025-03-10 10:48:38] [ INFO ] [AliasCvuGenerator:111] alias generado =NUBES
[2025-03-10 10:48:38] [ INFO ] [AliasCvuGenerator:111] alias generado =VALOR
[2025-03-10 10:48:38] [ INFO ] [AliasCvuGenerator:111] alias generado =CLAVO
[2025-03-10 11:12:26] [ INFO ] [AliasCvuGenerator:111] alias generado =ONDAS
[2025-03-10 11:12:26] [ INFO ] [AliasCvuGenerator:111] alias generado =JAPON
[2025-03-10 11:12:26] [ INFO ] [AliasCvuGenerator:111] alias generado =JEFAS
[2025-03-10 11:12:30] [ INFO ] [AliasCvuGenerator:111] alias generado =MONTE
[2025-03-10 11:12:30] [ INFO ] [AliasCvuGenerator:111] alias generado =ELLOS
[2025-03-10 11:12:30] [ INFO ] [AliasCvuGenerator:111] alias generado =SABIO
[2025-03-10 11:29:10] [ INFO ] [AliasCvuGenerator:111] alias generado =FINCA
[2025-03-10 11:29:10] [ INFO ] [AliasCvuGenerator:111] alias generado =HASTA
[2025-03-10 11:29:10] [ INFO ] [AliasCvuGenerator:111] alias generado =DUROS
[2025-03-10 11:29:14] [ INFO ] [AliasCvuGenerator:111] alias generado =RELOJ
[2025-03-10 11:29:14] [ INFO ] [AliasCvuGenerator:111] alias generado =PEDIR
[2025-03-10 11:29:14] [ INFO ] [AliasCvuGenerator:111] alias generado =HALOS
[2025-03-10 11:51:53] [ INFO ] [AliasCvuGenerator:111] alias generado =ACTOR
[2025-03-10 11:51:53] [ INFO ] [AliasCvuGenerator:111] alias generado =DUROS
[2025-03-10 11:51:53] [ INFO ] [AliasCvuGenerator:111] alias generado =QUEMA
[2025-03-10 11:51:59] [ INFO ] [AliasCvuGenerator:111] alias generado =HACER
[2025-03-10 11:51:59] [ INFO ] [AliasCvuGenerator:111] alias generado =ACTOR
[2025-03-10 11:51:59] [ INFO ] [AliasCvuGenerator:111] alias generado =IDEAS
[2025-03-10 12:32:50] [ INFO ] [AliasCvuGenerator:111] alias generado =OTROS
[2025-03-10 12:32:50] [ INFO ] [AliasCvuGenerator:111] alias generado =FINCA
[2025-03-10 12:32:50] [ INFO ] [AliasCvuGenerator:111] alias generado =HALOS
[2025-03-10 12:32:55] [ INFO ] [AliasCvuGenerator:111] alias generado =GASTO
[2025-03-10 12:32:55] [ INFO ] [AliasCvuGenerator:111] alias generado =PALAS
[2025-03-10 12:32:55] [ INFO ] [AliasCvuGenerator:111] alias generado =YENDO
